2025-03-03 15:35:41 DEBUG    rasa.core.lock_store  - Issuing ticket for conversation 'PractikumStudent'.
2025-03-03 15:35:41 DEBUG    rasa.core.lock_store  - Acquiring lock for conversation 'PractikumStudent'.
2025-03-03 15:35:41 DEBUG    rasa.core.lock_store  - Acquired lock for conversation 'PractikumStudent'.
2025-03-03 15:35:41 DEBUG    rasa.core.tracker_store  - Could not find tracker for conversation ID 'PractikumStudent'.
2025-03-03 15:35:41 DEBUG    rasa.core.tracker_store  - No event broker configured. Skipping streaming events.
2025-03-03 15:35:41 DEBUG    rasa.core.processor  - Starting a new session for conversation ID 'PractikumStudent'.
2025-03-03 15:35:41 DEBUG    rasa.core.processor  - [debug    ] processor.actions.policy_prediction prediction_events=[]
2025-03-03 15:35:41 DEBUG    rasa.core.processor  - [debug    ] processor.actions.log          action_name=action_session_start rasa_events=[<rasa.shared.core.events.SessionStarted object at 0x74e0444ab970>, ActionExecuted(action: action_listen, policy: None, confidence: None)]
2025-03-03 15:35:41 DEBUG    rasa.core.processor  - [debug    ] processor.slots.log            slot_values=     topic: None
        session_started_metadata: None
2025-03-03 15:35:41 DEBUG    rasa.engine.runner.dask  - Running graph with inputs: {'__message__': [<rasa.core.channels.channel.UserMessage object at 0x74e02f5369b0>], '__tracker__': <rasa.shared.core.trackers.DialogueStateTracker object at 0x74e02f5377f0>}, targets: ['run_RegexMessageHandler'] and ExecutionContext(model_id='e6f04c0b8f4147a7815160e2ef6ac545', should_add_diagnostic_data=False, is_finetuning=False, node_name=None).
2025-03-03 15:35:41 DEBUG    rasa.engine.graph  - Node 'nlu_message_converter' running 'NLUMessageConverter.convert_user_message'.
2025-03-03 15:35:41 DEBUG    rasa.engine.graph  - Node 'run_WhitespaceTokenizer0' running 'WhitespaceTokenizer.process'.
2025-03-03 15:35:41 DEBUG    rasa.engine.graph  - Node 'run_RegexFeaturizer1' running 'RegexFeaturizer.process'.
2025-03-03 15:35:41 DEBUG    rasa.engine.graph  - Node 'run_LexicalSyntacticFeaturizer2' running 'LexicalSyntacticFeaturizer.process'.
2025-03-03 15:35:41 DEBUG    rasa.engine.graph  - Node 'run_CountVectorsFeaturizer3' running 'CountVectorsFeaturizer.process'.
2025-03-03 15:35:41 DEBUG    rasa.engine.graph  - Node 'run_LanguageModelFeaturizer4' running 'LanguageModelFeaturizer.process'.
2025-03-03 15:35:41 DEBUG    rasa.engine.graph  - Node 'run_DIETClassifier5' running 'DIETClassifier.process'.
2025-03-03 15:35:41 DEBUG    rasa.engine.graph  - Node 'run_EntitySynonymMapper6' running 'EntitySynonymMapper.process'.
2025-03-03 15:35:41 DEBUG    rasa.engine.graph  - Node 'run_ResponseSelector7' running 'ResponseSelector.process'.
2025-03-03 15:35:41 DEBUG    rasa.nlu.classifiers.diet_classifier  - There is no trained model for 'ResponseSelector': The component is either not trained or didn't receive enough training data.
2025-03-03 15:35:41 DEBUG    rasa.nlu.selectors.response_selector  - Adding following selector key to message property: default
2025-03-03 15:35:41 DEBUG    rasa.engine.graph  - Node 'domain_provider' running 'DomainProvider.provide_inference'.
2025-03-03 15:35:41 DEBUG    rasa.engine.graph  - Node 'run_RegexMessageHandler' running 'RegexMessageHandler.process'.
2025-03-03 15:35:41 DEBUG    rasa.core.processor  - [debug    ] processor.message.parse        parse_data_entities=[] parse_data_intent={'name': 'greet', 'confidence': 0.9965722560882568} parse_data_text=Ďđčâĺň
2025-03-03 15:35:41 DEBUG    rasa.core.processor  - Logged UserUtterance - tracker now has 4 events.
2025-03-03 15:35:41 DEBUG    rasa.core.actions.action  - Validating extracted slots: topic
2025-03-03 15:35:41 DEBUG    rasa.core.processor  - [debug    ] processor.extract.slots        action_extract_slot=action_extract_slots len_extraction_events=1 rasa_events=[SlotSet(key: topic, value: Ďđčâĺň)]
2025-03-03 15:35:41 DEBUG    rasa.engine.runner.dask  - Running graph with inputs: {'__tracker__': <rasa.shared.core.trackers.DialogueStateTracker object at 0x74e02f5377f0>}, targets: ['select_prediction'] and ExecutionContext(model_id='e6f04c0b8f4147a7815160e2ef6ac545', should_add_diagnostic_data=False, is_finetuning=False, node_name=None).
2025-03-03 15:35:41 DEBUG    rasa.engine.graph  - Node 'rule_only_data_provider' running 'RuleOnlyDataProvider.provide'.
2025-03-03 15:35:41 DEBUG    rasa.engine.graph  - Node 'domain_provider' running 'DomainProvider.provide_inference'.
2025-03-03 15:35:41 DEBUG    rasa.engine.graph  - Node 'run_MemoizationPolicy0' running 'MemoizationPolicy.predict_action_probabilities'.
2025-03-03 15:35:41 DEBUG    rasa.core.policies.memoization  - [debug    ] memoization.predict.actions    tracker_states=[{}, {'user': {'intent': 'greet'}, 'prev_action': {'action_name': 'action_listen'}}]
2025-03-03 15:35:41 DEBUG    rasa.core.policies.memoization  - There is a memorised next action 'utter_greet'
2025-03-03 15:35:41 DEBUG    rasa.engine.graph  - Node 'run_RulePolicy1' running 'RulePolicy.predict_action_probabilities'.
2025-03-03 15:35:41 DEBUG    rasa.core.policies.rule_policy  - [debug    ] rule_policy.actions.find       current_states=
[state 1] user text: Ďđčâĺň | previous action name: action_listen
2025-03-03 15:35:41 DEBUG    rasa.core.policies.rule_policy  - There is no applicable rule.
2025-03-03 15:35:41 DEBUG    rasa.core.policies.rule_policy  - [debug    ] rule_policy.actions.find       current_states=
[state 1] user intent: greet | previous action name: action_listen
2025-03-03 15:35:41 DEBUG    rasa.core.policies.rule_policy  - There is a rule for the next action 'utter_greet'.
2025-03-03 15:35:41 DEBUG    rasa.engine.graph  - Node 'run_TEDPolicy2' running 'TEDPolicy.predict_action_probabilities'.
2025-03-03 15:35:41 DEBUG    rasa.core.policies.ted_policy  - TED predicted 'utter_greet' based on user intent.
2025-03-03 15:35:41 DEBUG    rasa.engine.graph  - Node 'select_prediction' running 'DefaultPolicyPredictionEnsemble.combine_predictions_from_kwargs'.
2025-03-03 15:35:41 DEBUG    rasa.core.policies.ensemble  - Made prediction using user intent.
2025-03-03 15:35:41 DEBUG    rasa.core.policies.ensemble  - Added `DefinePrevUserUtteredFeaturization(False)` event.
2025-03-03 15:35:41 DEBUG    rasa.core.policies.ensemble  - Predicted next action using RulePolicy.
2025-03-03 15:35:41 DEBUG    rasa.core.processor  - Predicted next action 'utter_greet' with confidence 1.00.
2025-03-03 15:35:41 DEBUG    rasa.core.processor  - [debug    ] processor.actions.policy_prediction prediction_events=[<rasa.shared.core.events.DefinePrevUserUtteredFeaturization object at 0x74e02ff5fbe0>]
2025-03-03 15:35:42 DEBUG    rasa.core.processor  - [debug    ] processor.actions.log          action_name=utter_greet rasa_events=[BotUttered('Ďđčâĺň! ×ĺě ěîăó ďîěî÷ü â îáëŕńňč ŕđőčňĺęňóđű ďđîăđŕěěíîăî îáĺńďĺ÷ĺíč˙?', {"elements": null, "quick_replies": null, "buttons": null, "attachment": null, "image": null, "custom": null}, {"utter_action": "utter_greet"}, 1741016141.9996352)]
2025-03-03 15:35:42 DEBUG    rasa.engine.runner.dask  - Running graph with inputs: {'__tracker__': <rasa.shared.core.trackers.DialogueStateTracker object at 0x74e02f5377f0>}, targets: ['select_prediction'] and ExecutionContext(model_id='e6f04c0b8f4147a7815160e2ef6ac545', should_add_diagnostic_data=False, is_finetuning=False, node_name=None).
2025-03-03 15:35:42 DEBUG    rasa.engine.graph  - Node 'rule_only_data_provider' running 'RuleOnlyDataProvider.provide'.
2025-03-03 15:35:42 DEBUG    rasa.engine.graph  - Node 'domain_provider' running 'DomainProvider.provide_inference'.
2025-03-03 15:35:42 DEBUG    rasa.engine.graph  - Node 'run_MemoizationPolicy0' running 'MemoizationPolicy.predict_action_probabilities'.
2025-03-03 15:35:42 DEBUG    rasa.core.policies.memoization  - [debug    ] memoization.predict.actions    tracker_states=[{'user': {'intent': 'greet'}, 'prev_action': {'action_name': 'action_listen'}}, {'user': {'intent': 'greet'}, 'prev_action': {'action_name': 'utter_greet'}}]
2025-03-03 15:35:42 DEBUG    rasa.core.policies.memoization  - There is a memorised next action 'action_listen'
2025-03-03 15:35:42 DEBUG    rasa.engine.graph  - Node 'run_RulePolicy1' running 'RulePolicy.predict_action_probabilities'.
2025-03-03 15:35:42 DEBUG    rasa.core.policies.rule_policy  - [debug    ] rule_policy.actions.find       current_states=
[state 1] user intent: greet | previous action name: action_listen
[state 2] user intent: greet | previous action name: utter_greet
2025-03-03 15:35:42 DEBUG    rasa.core.policies.rule_policy  - There is a rule for the next action 'action_listen'.
2025-03-03 15:35:42 DEBUG    rasa.engine.graph  - Node 'run_TEDPolicy2' running 'TEDPolicy.predict_action_probabilities'.
2025-03-03 15:35:42 DEBUG    rasa.core.policies.ted_policy  - TED predicted 'action_listen' based on user intent.
2025-03-03 15:35:42 DEBUG    rasa.engine.graph  - Node 'select_prediction' running 'DefaultPolicyPredictionEnsemble.combine_predictions_from_kwargs'.
2025-03-03 15:35:42 DEBUG    rasa.core.policies.ensemble  - Predicted next action using RulePolicy.
2025-03-03 15:35:42 DEBUG    rasa.core.processor  - Predicted next action 'action_listen' with confidence 1.00.
2025-03-03 15:35:42 DEBUG    rasa.core.processor  - [debug    ] processor.actions.policy_prediction prediction_events=[]
2025-03-03 15:35:42 DEBUG    rasa.core.processor  - [debug    ] processor.actions.log          action_name=action_listen rasa_events=[]
2025-03-03 15:35:42 DEBUG    rasa.core.tracker_store  - No event broker configured. Skipping streaming events.
2025-03-03 15:35:42 DEBUG    rasa.core.lock_store  - Deleted lock for conversation 'PractikumStudent'.
2025-03-03 15:36:30 DEBUG    rasa.core.lock_store  - Issuing ticket for conversation 'PractikumStudent'.
2025-03-03 15:36:30 DEBUG    rasa.core.lock_store  - Acquiring lock for conversation 'PractikumStudent'.
2025-03-03 15:36:30 DEBUG    rasa.core.lock_store  - Acquired lock for conversation 'PractikumStudent'.
2025-03-03 15:36:30 DEBUG    rasa.core.tracker_store  - Recreating tracker for id 'PractikumStudent'
2025-03-03 15:36:30 DEBUG    rasa.engine.runner.dask  - Running graph with inputs: {'__message__': [<rasa.core.channels.channel.UserMessage object at 0x74e02f571ed0>], '__tracker__': <rasa.shared.core.trackers.DialogueStateTracker object at 0x74e0444aba60>}, targets: ['run_RegexMessageHandler'] and ExecutionContext(model_id='e6f04c0b8f4147a7815160e2ef6ac545', should_add_diagnostic_data=False, is_finetuning=False, node_name=None).
2025-03-03 15:36:30 DEBUG    rasa.engine.graph  - Node 'nlu_message_converter' running 'NLUMessageConverter.convert_user_message'.
2025-03-03 15:36:30 DEBUG    rasa.engine.graph  - Node 'run_WhitespaceTokenizer0' running 'WhitespaceTokenizer.process'.
2025-03-03 15:36:30 DEBUG    rasa.engine.graph  - Node 'run_RegexFeaturizer1' running 'RegexFeaturizer.process'.
2025-03-03 15:36:30 DEBUG    rasa.engine.graph  - Node 'run_LexicalSyntacticFeaturizer2' running 'LexicalSyntacticFeaturizer.process'.
2025-03-03 15:36:30 DEBUG    rasa.engine.graph  - Node 'run_CountVectorsFeaturizer3' running 'CountVectorsFeaturizer.process'.
2025-03-03 15:36:30 DEBUG    rasa.engine.graph  - Node 'run_LanguageModelFeaturizer4' running 'LanguageModelFeaturizer.process'.
2025-03-03 15:36:31 DEBUG    rasa.engine.graph  - Node 'run_DIETClassifier5' running 'DIETClassifier.process'.
2025-03-03 15:36:31 DEBUG    rasa.engine.graph  - Node 'run_EntitySynonymMapper6' running 'EntitySynonymMapper.process'.
2025-03-03 15:36:31 DEBUG    rasa.engine.graph  - Node 'run_ResponseSelector7' running 'ResponseSelector.process'.
2025-03-03 15:36:31 DEBUG    rasa.nlu.classifiers.diet_classifier  - There is no trained model for 'ResponseSelector': The component is either not trained or didn't receive enough training data.
2025-03-03 15:36:31 DEBUG    rasa.nlu.selectors.response_selector  - Adding following selector key to message property: default
2025-03-03 15:36:31 DEBUG    rasa.engine.graph  - Node 'domain_provider' running 'DomainProvider.provide_inference'.
2025-03-03 15:36:31 DEBUG    rasa.engine.graph  - Node 'run_RegexMessageHandler' running 'RegexMessageHandler.process'.
2025-03-03 15:36:31 DEBUG    rasa.core.processor  - [debug    ] processor.message.parse        parse_data_entities=[] parse_data_intent={'name': 'request_info', 'confidence': 0.654631495475769} parse_data_text=×ňî ňŕęîĺ DDD ?
2025-03-03 15:36:31 DEBUG    rasa.core.processor  - Logged UserUtterance - tracker now has 10 events.
2025-03-03 15:36:31 DEBUG    rasa.core.actions.action  - Validating extracted slots: topic
2025-03-03 15:36:31 DEBUG    rasa.core.processor  - [debug    ] processor.extract.slots        action_extract_slot=action_extract_slots len_extraction_events=1 rasa_events=[SlotSet(key: topic, value: ×ňî ňŕęîĺ DDD ?)]
2025-03-03 15:36:31 DEBUG    rasa.engine.runner.dask  - Running graph with inputs: {'__tracker__': <rasa.shared.core.trackers.DialogueStateTracker object at 0x74e0444aba60>}, targets: ['select_prediction'] and ExecutionContext(model_id='e6f04c0b8f4147a7815160e2ef6ac545', should_add_diagnostic_data=False, is_finetuning=False, node_name=None).
2025-03-03 15:36:31 DEBUG    rasa.engine.graph  - Node 'rule_only_data_provider' running 'RuleOnlyDataProvider.provide'.
2025-03-03 15:36:31 DEBUG    rasa.engine.graph  - Node 'domain_provider' running 'DomainProvider.provide_inference'.
2025-03-03 15:36:31 DEBUG    rasa.engine.graph  - Node 'run_MemoizationPolicy0' running 'MemoizationPolicy.predict_action_probabilities'.
2025-03-03 15:36:31 DEBUG    rasa.core.policies.memoization  - [debug    ] memoization.predict.actions    tracker_states=[{'user': {'intent': 'greet'}, 'prev_action': {'action_name': 'utter_greet'}}, {'user': {'intent': 'request_info'}, 'prev_action': {'action_name': 'action_listen'}}]
2025-03-03 15:36:31 DEBUG    rasa.core.policies.memoization  - There is no memorised next action
2025-03-03 15:36:31 DEBUG    rasa.engine.graph  - Node 'run_RulePolicy1' running 'RulePolicy.predict_action_probabilities'.
2025-03-03 15:36:31 DEBUG    rasa.core.policies.rule_policy  - [debug    ] rule_policy.actions.find       current_states=
[state 1] user intent: greet | previous action name: action_listen
[state 2] user intent: greet | previous action name: utter_greet
[state 3] user text: ×ňî ňŕęîĺ DDD ? | previous action name: action_listen
2025-03-03 15:36:31 DEBUG    rasa.core.policies.rule_policy  - There is no applicable rule.
2025-03-03 15:36:31 DEBUG    rasa.core.policies.rule_policy  - [debug    ] rule_policy.actions.find       current_states=
[state 1] user intent: greet | previous action name: action_listen
[state 2] user intent: greet | previous action name: utter_greet
[state 3] user intent: request_info | previous action name: action_listen
2025-03-03 15:36:31 DEBUG    rasa.core.policies.rule_policy  - There is a rule for the next action 'utter_ask_more'.
2025-03-03 15:36:31 DEBUG    rasa.engine.graph  - Node 'run_TEDPolicy2' running 'TEDPolicy.predict_action_probabilities'.
2025-03-03 15:36:31 DEBUG    rasa.core.policies.ted_policy  - TED predicted 'utter_ask_more' based on user intent.
2025-03-03 15:36:31 DEBUG    rasa.engine.graph  - Node 'select_prediction' running 'DefaultPolicyPredictionEnsemble.combine_predictions_from_kwargs'.
2025-03-03 15:36:31 DEBUG    rasa.core.policies.ensemble  - Made prediction using user intent.
2025-03-03 15:36:31 DEBUG    rasa.core.policies.ensemble  - Added `DefinePrevUserUtteredFeaturization(False)` event.
2025-03-03 15:36:31 DEBUG    rasa.core.policies.ensemble  - Predicted next action using RulePolicy.
2025-03-03 15:36:31 DEBUG    rasa.core.processor  - Predicted next action 'utter_ask_more' with confidence 1.00.
2025-03-03 15:36:31 DEBUG    rasa.core.processor  - [debug    ] processor.actions.policy_prediction prediction_events=[<rasa.shared.core.events.DefinePrevUserUtteredFeaturization object at 0x74e02ff5f610>]
2025-03-03 15:36:31 DEBUG    rasa.core.processor  - [debug    ] processor.actions.log          action_name=utter_ask_more rasa_events=[BotUttered('×ňî čěĺííî âŕń číňĺđĺńóĺň â ŕđőčňĺęňóđĺ ďđîăđŕěěíîăî îáĺńďĺ÷ĺíč˙?', {"elements": null, "quick_replies": null, "buttons": null, "attachment": null, "image": null, "custom": null}, {"utter_action": "utter_ask_more"}, 1741016191.2104888)]
2025-03-03 15:36:31 DEBUG    rasa.engine.runner.dask  - Running graph with inputs: {'__tracker__': <rasa.shared.core.trackers.DialogueStateTracker object at 0x74e0444aba60>}, targets: ['select_prediction'] and ExecutionContext(model_id='e6f04c0b8f4147a7815160e2ef6ac545', should_add_diagnostic_data=False, is_finetuning=False, node_name=None).
2025-03-03 15:36:31 DEBUG    rasa.engine.graph  - Node 'rule_only_data_provider' running 'RuleOnlyDataProvider.provide'.
2025-03-03 15:36:31 DEBUG    rasa.engine.graph  - Node 'domain_provider' running 'DomainProvider.provide_inference'.
2025-03-03 15:36:31 DEBUG    rasa.engine.graph  - Node 'run_MemoizationPolicy0' running 'MemoizationPolicy.predict_action_probabilities'.
2025-03-03 15:36:31 DEBUG    rasa.core.policies.memoization  - [debug    ] memoization.predict.actions    tracker_states=[{'user': {'intent': 'request_info'}, 'prev_action': {'action_name': 'action_listen'}}, {'user': {'intent': 'request_info'}, 'prev_action': {'action_name': 'utter_ask_more'}}]
2025-03-03 15:36:31 DEBUG    rasa.core.policies.memoization  - There is a memorised next action 'action_listen'
2025-03-03 15:36:31 DEBUG    rasa.engine.graph  - Node 'run_RulePolicy1' running 'RulePolicy.predict_action_probabilities'.
2025-03-03 15:36:31 DEBUG    rasa.core.policies.rule_policy  - [debug    ] rule_policy.actions.find       current_states=
[state 1] user intent: greet | previous action name: action_listen
[state 2] user intent: greet | previous action name: utter_greet
[state 3] user intent: request_info | previous action name: action_listen
[state 4] user intent: request_info | previous action name: utter_ask_more
2025-03-03 15:36:31 DEBUG    rasa.core.policies.rule_policy  - There is a rule for the next action 'action_listen'.
2025-03-03 15:36:31 DEBUG    rasa.engine.graph  - Node 'run_TEDPolicy2' running 'TEDPolicy.predict_action_probabilities'.
2025-03-03 15:36:31 DEBUG    rasa.core.policies.ted_policy  - TED predicted 'action_listen' based on user intent.
2025-03-03 15:36:31 DEBUG    rasa.engine.graph  - Node 'select_prediction' running 'DefaultPolicyPredictionEnsemble.combine_predictions_from_kwargs'.
2025-03-03 15:36:31 DEBUG    rasa.core.policies.ensemble  - Predicted next action using RulePolicy.
2025-03-03 15:36:31 DEBUG    rasa.core.processor  - Predicted next action 'action_listen' with confidence 1.00.
2025-03-03 15:36:31 DEBUG    rasa.core.processor  - [debug    ] processor.actions.policy_prediction prediction_events=[]
2025-03-03 15:36:31 DEBUG    rasa.core.processor  - [debug    ] processor.actions.log          action_name=action_listen rasa_events=[]
2025-03-03 15:36:31 DEBUG    rasa.core.tracker_store  - No event broker configured. Skipping streaming events.
2025-03-03 15:36:31 DEBUG    rasa.core.lock_store  - Deleted lock for conversation 'PractikumStudent'.
2025-03-03 15:37:42 DEBUG    rasa.core.lock_store  - Issuing ticket for conversation 'PractikumStudent'.
2025-03-03 15:37:42 DEBUG    rasa.core.lock_store  - Acquiring lock for conversation 'PractikumStudent'.
2025-03-03 15:37:42 DEBUG    rasa.core.lock_store  - Acquired lock for conversation 'PractikumStudent'.
2025-03-03 15:37:42 DEBUG    rasa.core.tracker_store  - Recreating tracker for id 'PractikumStudent'
2025-03-03 15:37:42 DEBUG    rasa.engine.runner.dask  - Running graph with inputs: {'__message__': [<rasa.core.channels.channel.UserMessage object at 0x74e02f3cb160>], '__tracker__': <rasa.shared.core.trackers.DialogueStateTracker object at 0x74e0444aba60>}, targets: ['run_RegexMessageHandler'] and ExecutionContext(model_id='e6f04c0b8f4147a7815160e2ef6ac545', should_add_diagnostic_data=False, is_finetuning=False, node_name=None).
2025-03-03 15:37:42 DEBUG    rasa.engine.graph  - Node 'nlu_message_converter' running 'NLUMessageConverter.convert_user_message'.
2025-03-03 15:37:42 DEBUG    rasa.engine.graph  - Node 'run_WhitespaceTokenizer0' running 'WhitespaceTokenizer.process'.
2025-03-03 15:37:42 DEBUG    rasa.engine.graph  - Node 'run_RegexFeaturizer1' running 'RegexFeaturizer.process'.
2025-03-03 15:37:42 DEBUG    rasa.engine.graph  - Node 'run_LexicalSyntacticFeaturizer2' running 'LexicalSyntacticFeaturizer.process'.
2025-03-03 15:37:42 DEBUG    rasa.engine.graph  - Node 'run_CountVectorsFeaturizer3' running 'CountVectorsFeaturizer.process'.
2025-03-03 15:37:42 DEBUG    rasa.engine.graph  - Node 'run_LanguageModelFeaturizer4' running 'LanguageModelFeaturizer.process'.
2025-03-03 15:37:42 DEBUG    rasa.engine.graph  - Node 'run_DIETClassifier5' running 'DIETClassifier.process'.
2025-03-03 15:37:42 DEBUG    rasa.engine.graph  - Node 'run_EntitySynonymMapper6' running 'EntitySynonymMapper.process'.
2025-03-03 15:37:42 DEBUG    rasa.engine.graph  - Node 'run_ResponseSelector7' running 'ResponseSelector.process'.
2025-03-03 15:37:42 DEBUG    rasa.nlu.classifiers.diet_classifier  - There is no trained model for 'ResponseSelector': The component is either not trained or didn't receive enough training data.
2025-03-03 15:37:42 DEBUG    rasa.nlu.selectors.response_selector  - Adding following selector key to message property: default
2025-03-03 15:37:42 DEBUG    rasa.engine.graph  - Node 'domain_provider' running 'DomainProvider.provide_inference'.
2025-03-03 15:37:42 DEBUG    rasa.engine.graph  - Node 'run_RegexMessageHandler' running 'RegexMessageHandler.process'.
2025-03-03 15:37:42 DEBUG    rasa.core.processor  - [debug    ] processor.message.parse        parse_data_entities=[] parse_data_intent={'name': 'ask_architecture', 'confidence': 0.9863487482070923} parse_data_text=Đŕńńęŕćč î ďđîĺęňčđîâŕíčč
2025-03-03 15:37:42 DEBUG    rasa.core.processor  - Logged UserUtterance - tracker now has 16 events.
2025-03-03 15:37:42 DEBUG    rasa.core.actions.action  - Validating extracted slots: topic
2025-03-03 15:37:42 DEBUG    rasa.core.processor  - [debug    ] processor.extract.slots        action_extract_slot=action_extract_slots len_extraction_events=1 rasa_events=[SlotSet(key: topic, value: Đŕńńęŕćč î ďđîĺęňčđîâŕíčč)]
2025-03-03 15:37:42 DEBUG    rasa.engine.runner.dask  - Running graph with inputs: {'__tracker__': <rasa.shared.core.trackers.DialogueStateTracker object at 0x74e0444aba60>}, targets: ['select_prediction'] and ExecutionContext(model_id='e6f04c0b8f4147a7815160e2ef6ac545', should_add_diagnostic_data=False, is_finetuning=False, node_name=None).
2025-03-03 15:37:42 DEBUG    rasa.engine.graph  - Node 'rule_only_data_provider' running 'RuleOnlyDataProvider.provide'.
2025-03-03 15:37:42 DEBUG    rasa.engine.graph  - Node 'domain_provider' running 'DomainProvider.provide_inference'.
2025-03-03 15:37:42 DEBUG    rasa.engine.graph  - Node 'run_MemoizationPolicy0' running 'MemoizationPolicy.predict_action_probabilities'.
2025-03-03 15:37:42 DEBUG    rasa.core.policies.memoization  - [debug    ] memoization.predict.actions    tracker_states=[{'user': {'intent': 'request_info'}, 'prev_action': {'action_name': 'utter_ask_more'}}, {'user': {'intent': 'ask_architecture'}, 'prev_action': {'action_name': 'action_listen'}}]
2025-03-03 15:37:42 DEBUG    rasa.core.policies.memoization  - There is no memorised next action
2025-03-03 15:37:42 DEBUG    rasa.engine.graph  - Node 'run_RulePolicy1' running 'RulePolicy.predict_action_probabilities'.
2025-03-03 15:37:42 DEBUG    rasa.core.policies.rule_policy  - [debug    ] rule_policy.actions.find       current_states=
[state 1] user intent: greet | previous action name: action_listen
[state 2] user intent: greet | previous action name: utter_greet
[state 3] user intent: request_info | previous action name: action_listen
[state 4] user intent: request_info | previous action name: utter_ask_more
[state 5] user text: Đŕńńęŕćč î ďđîĺęňčđîâŕíčč | previous action name: action_listen
2025-03-03 15:37:42 DEBUG    rasa.core.policies.rule_policy  - There is no applicable rule.
2025-03-03 15:37:42 DEBUG    rasa.core.policies.rule_policy  - [debug    ] rule_policy.actions.find       current_states=
[state 1] user intent: greet | previous action name: action_listen
[state 2] user intent: greet | previous action name: utter_greet
[state 3] user intent: request_info | previous action name: action_listen
[state 4] user intent: request_info | previous action name: utter_ask_more
[state 5] user intent: ask_architecture | previous action name: action_listen
2025-03-03 15:37:42 DEBUG    rasa.core.policies.rule_policy  - There is a rule for the next action 'utter_architecture_response'.
2025-03-03 15:37:42 DEBUG    rasa.engine.graph  - Node 'run_TEDPolicy2' running 'TEDPolicy.predict_action_probabilities'.
2025-03-03 15:37:42 DEBUG    rasa.core.policies.ted_policy  - TED predicted 'utter_architecture_response' based on user intent.
2025-03-03 15:37:42 DEBUG    rasa.engine.graph  - Node 'select_prediction' running 'DefaultPolicyPredictionEnsemble.combine_predictions_from_kwargs'.
2025-03-03 15:37:42 DEBUG    rasa.core.policies.ensemble  - Made prediction using user intent.
2025-03-03 15:37:42 DEBUG    rasa.core.policies.ensemble  - Added `DefinePrevUserUtteredFeaturization(False)` event.
2025-03-03 15:37:42 DEBUG    rasa.core.policies.ensemble  - Predicted next action using RulePolicy.
2025-03-03 15:37:42 DEBUG    rasa.core.processor  - Predicted next action 'utter_architecture_response' with confidence 1.00.
2025-03-03 15:37:42 DEBUG    rasa.core.processor  - [debug    ] processor.actions.policy_prediction prediction_events=[<rasa.shared.core.events.DefinePrevUserUtteredFeaturization object at 0x74e02f3fea40>]
2025-03-03 15:37:42 DEBUG    rasa.core.processor  - [debug    ] processor.actions.log          action_name=utter_architecture_response rasa_events=[BotUttered('Ŕđőčňĺęňóđŕ ĎÎ âęëţ÷ŕĺň âűáîđ ńňđóęňóđ, ęîňîđűĺ îáĺńďĺ÷čâŕţň ěŕńřňŕáčđóĺěîńňü, ăčáęîńňü č ďîääĺđćčâŕĺěîńňü ďđčëîćĺíč˙. Çŕäŕéňĺ ęîíęđĺňíűé âîďđîń ďî ýňîé ňĺěĺ, č ˙ ďîěîăó âŕě ń číôîđěŕöčĺé.', {"elements": null, "quick_replies": null, "buttons": null, "attachment": null, "image": null, "custom": null}, {"utter_action": "utter_architecture_response"}, 1741016262.7259302)]
2025-03-03 15:37:42 DEBUG    rasa.engine.runner.dask  - Running graph with inputs: {'__tracker__': <rasa.shared.core.trackers.DialogueStateTracker object at 0x74e0444aba60>}, targets: ['select_prediction'] and ExecutionContext(model_id='e6f04c0b8f4147a7815160e2ef6ac545', should_add_diagnostic_data=False, is_finetuning=False, node_name=None).
2025-03-03 15:37:42 DEBUG    rasa.engine.graph  - Node 'rule_only_data_provider' running 'RuleOnlyDataProvider.provide'.
2025-03-03 15:37:42 DEBUG    rasa.engine.graph  - Node 'domain_provider' running 'DomainProvider.provide_inference'.
2025-03-03 15:37:42 DEBUG    rasa.engine.graph  - Node 'run_MemoizationPolicy0' running 'MemoizationPolicy.predict_action_probabilities'.
2025-03-03 15:37:42 DEBUG    rasa.core.policies.memoization  - [debug    ] memoization.predict.actions    tracker_states=[{'user': {'intent': 'ask_architecture'}, 'prev_action': {'action_name': 'action_listen'}}, {'user': {'intent': 'ask_architecture'}, 'prev_action': {'action_name': 'utter_architecture_response'}}]
2025-03-03 15:37:42 DEBUG    rasa.core.policies.memoization  - There is a memorised next action 'action_listen'
2025-03-03 15:37:42 DEBUG    rasa.engine.graph  - Node 'run_RulePolicy1' running 'RulePolicy.predict_action_probabilities'.
2025-03-03 15:37:42 DEBUG    rasa.core.policies.rule_policy  - [debug    ] rule_policy.actions.find       current_states=
[state 1] user intent: greet | previous action name: action_listen
[state 2] user intent: greet | previous action name: utter_greet
[state 3] user intent: request_info | previous action name: action_listen
[state 4] user intent: request_info | previous action name: utter_ask_more
[state 5] user intent: ask_architecture | previous action name: action_listen
[state 6] user intent: ask_architecture | previous action name: utter_architecture_response
2025-03-03 15:37:42 DEBUG    rasa.core.policies.rule_policy  - There is a rule for the next action 'action_listen'.
2025-03-03 15:37:42 DEBUG    rasa.engine.graph  - Node 'run_TEDPolicy2' running 'TEDPolicy.predict_action_probabilities'.
2025-03-03 15:37:42 DEBUG    rasa.core.policies.ted_policy  - TED predicted 'action_listen' based on user intent.
2025-03-03 15:37:42 DEBUG    rasa.engine.graph  - Node 'select_prediction' running 'DefaultPolicyPredictionEnsemble.combine_predictions_from_kwargs'.
2025-03-03 15:37:42 DEBUG    rasa.core.policies.ensemble  - Predicted next action using RulePolicy.
2025-03-03 15:37:42 DEBUG    rasa.core.processor  - Predicted next action 'action_listen' with confidence 1.00.
2025-03-03 15:37:42 DEBUG    rasa.core.processor  - [debug    ] processor.actions.policy_prediction prediction_events=[]
2025-03-03 15:37:42 DEBUG    rasa.core.processor  - [debug    ] processor.actions.log          action_name=action_listen rasa_events=[]
2025-03-03 15:37:42 DEBUG    rasa.core.tracker_store  - No event broker configured. Skipping streaming events.
2025-03-03 15:37:42 DEBUG    rasa.core.lock_store  - Deleted lock for conversation 'PractikumStudent'.